<?xml version="1.0" encoding="UTF-8"?>
<testng-results ignored="0" total="1" passed="1" failed="0" skipped="0">
  <reporter-output>
    <line>
      <![CDATA[openbrowser]]>
    </line>
    <line>
      <![CDATA[login]]>
    </line>
    <line>
      <![CDATA[logout]]>
    </line>
    <line>
      <![CDATA[closebrowser]]>
    </line>
  </reporter-output>
  <suite started-at="2022-09-08T15:21:04 IST" name="Default suite" finished-at="2022-09-08T15:21:32 IST" duration-ms="28717">
    <groups>
    </groups>
    <test started-at="2022-09-08T15:21:04 IST" name="Default test" finished-at="2022-09-08T15:21:32 IST" duration-ms="28717">
      <class name="com.actitime.testscript.Customarmadule">
        <test-method is-config="true" signature="openbrowser()[pri:0, instance:com.actitime.testscript.Customarmadule@505fc5a4]" started-at="2022-09-08T15:21:04 IST" name="openbrowser" finished-at="2022-09-08T15:21:08 IST" duration-ms="4176" status="PASS">
          <reporter-output>
            <line>
              <![CDATA[openbrowser]]>
            </line>
          </reporter-output>
        </test-method> <!-- openbrowser -->
        <test-method is-config="true" signature="login()[pri:0, instance:com.actitime.testscript.Customarmadule@505fc5a4]" started-at="2022-09-08T15:21:08 IST" name="login" finished-at="2022-09-08T15:21:20 IST" duration-ms="11800" status="PASS">
          <reporter-output>
            <line>
              <![CDATA[login]]>
            </line>
          </reporter-output>
        </test-method> <!-- login -->
        <test-method signature="createcustomar()[pri:0, instance:com.actitime.testscript.Customarmadule@505fc5a4]" started-at="2022-09-08T15:21:20 IST" name="createcustomar" finished-at="2022-09-08T15:21:30 IST" duration-ms="10165" status="PASS">
          <reporter-output>
          </reporter-output>
        </test-method> <!-- createcustomar -->
        <test-method is-config="true" signature="logout()[pri:0, instance:com.actitime.testscript.Customarmadule@505fc5a4]" started-at="2022-09-08T15:21:30 IST" name="logout" finished-at="2022-09-08T15:21:32 IST" duration-ms="2092" status="PASS">
          <reporter-output>
            <line>
              <![CDATA[logout]]>
            </line>
          </reporter-output>
        </test-method> <!-- logout -->
        <test-method is-config="true" signature="closebrowser()[pri:0, instance:com.actitime.testscript.Customarmadule@505fc5a4]" started-at="2022-09-08T15:21:32 IST" name="closebrowser" finished-at="2022-09-08T15:21:32 IST" duration-ms="437" status="PASS">
          <reporter-output>
            <line>
              <![CDATA[closebrowser]]>
            </line>
          </reporter-output>
        </test-method> <!-- closebrowser -->
      </class> <!-- com.actitime.testscript.Customarmadule -->
    </test> <!-- Default test -->
  </suite> <!-- Default suite -->
</testng-results>
